The target system is: Generic - 2.6.0 - arm
The host system is: Windows - 10.0.19043 - AMD64
Compiling the C compiler identification source file "CMakeCCompilerId.c" succeeded.
Compiler: C:/nordicsemi/v1.6.1/toolchain/opt/bin/arm-none-eabi-gcc.exe 
Build flags: 
Id flags: -c 

The output was:
0


Compilation of the C compiler identification source "CMakeCCompilerId.c" produced "CMakeCCompilerId.o"

The C compiler identification is GNU, found in "C:/nordicsemi/MI_Tech_BS/MI_Tech_BS/build_2/hci_rpmsg/CMakeFiles/3.17.3/CompilerIdC/CMakeCCompilerId.o"

Compiling the CXX compiler identification source file "CMakeCXXCompilerId.cpp" succeeded.
Compiler: C:/nordicsemi/v1.6.1/toolchain/opt/bin/arm-none-eabi-gcc.exe 
Build flags: 
Id flags: -c 

The output was:
0


Compilation of the CXX compiler identification source "CMakeCXXCompilerId.cpp" produced "CMakeCXXCompilerId.o"

The CXX compiler identification is GNU, found in "C:/nordicsemi/MI_Tech_BS/MI_Tech_BS/build_2/hci_rpmsg/CMakeFiles/3.17.3/CompilerIdCXX/CMakeCXXCompilerId.o"

Checking whether the ASM compiler is GNU using "--version" matched "(GNU assembler)|(GCC)|(Free Software Foundation)":
arm-none-eabi-gcc.exe (GNU Tools for Arm Embedded Processors 9-2019-q4-major) 9.2.1 20191025 (release) [ARM/arm-9-branch revision 277599]
Copyright (C) 2019 Free Software Foundation, Inc.
This is free software; see the source for copying conditions.  There is NO
warranty; not even for MERCHANTABILITY or FITNESS FOR A PARTICULAR PURPOSE.

Determining if files stdatomic.h exist passed with the following output:
Change Dir: C:/nordicsemi/MI_Tech_BS/MI_Tech_BS/build_2/hci_rpmsg/CMakeFiles/CMakeTmp

Run Build Command(s):C:/nordicsemi/v1.6.1/toolchain/opt/bin/ninja.exe cmTC_d96e8 && [1/2] Building C object CMakeFiles/cmTC_d96e8.dir/HAVE_STDATOMIC_H.c.obj
[2/2] Linking C executable cmTC_d96e8
arm-none-eabi-gcc.exe: warning: CMakeFiles/cmTC_d96e8.dir/HAVE_STDATOMIC_H.c.obj: linker input file unused because linking not done



Determining if files fcntl.h exist passed with the following output:
Change Dir: C:/nordicsemi/MI_Tech_BS/MI_Tech_BS/build_2/hci_rpmsg/CMakeFiles/CMakeTmp

Run Build Command(s):C:/nordicsemi/v1.6.1/toolchain/opt/bin/ninja.exe cmTC_44572 && [1/2] Building C object CMakeFiles/cmTC_44572.dir/HAVE_FCNTL_H.c.obj
[2/2] Linking C executable cmTC_44572
arm-none-eabi-gcc.exe: warning: CMakeFiles/cmTC_44572.dir/HAVE_FCNTL_H.c.obj: linker input file unused because linking not done



